<?xml version="1.0" encoding="UTF-8"?>
<testsuite name="PingResourceTest" tests="1" skipped="0" failures="0" errors="0" timestamp="2016-04-10T20:08:43" hostname="vagrant-ubuntu-trusty-64" time="1.001">
  <properties/>
  <testcase name="testGetPing" classname="PingResourceTest" time="1.001"/>
  <system-out><![CDATA[]]></system-out>
  <system-err><![CDATA[]]></system-err>
</testsuite>
